[0m20:54:36.933536 [debug] [MainThread]: Sending event: {'category': 'dbt', 'action': 'invocation', 'label': 'start', 'context': [<snowplow_tracker.self_describing_json.SelfDescribingJson object at 0x7ff020e01ea0>, <snowplow_tracker.self_describing_json.SelfDescribingJson object at 0x7ff0213bccd0>, <snowplow_tracker.self_describing_json.SelfDescribingJson object at 0x7ff0213bc430>]}


============================== 20:54:36.938865 | e2ce30b0-e37f-4970-ae1c-5d84bcf97aa0 ==============================
[0m20:54:36.938865 [info ] [MainThread]: Running with dbt=1.6.1
[0m20:54:36.939532 [debug] [MainThread]: running dbt with arguments {'printer_width': '80', 'indirect_selection': 'eager', 'write_json': 'True', 'log_cache_events': 'False', 'partial_parse': 'True', 'cache_selected_only': 'False', 'profiles_dir': '/home/vscode/.dbt', 'fail_fast': 'False', 'debug': 'False', 'log_path': 'logs', 'warn_error': 'None', 'version_check': 'True', 'use_colors': 'True', 'use_experimental_parser': 'False', 'no_print': 'None', 'quiet': 'False', 'log_format': 'default', 'introspect': 'True', 'static_parser': 'True', 'warn_error_options': 'WarnErrorOptions(include=[], exclude=[])', 'target_path': 'None', 'invocation_command': 'dbt init', 'send_anonymous_usage_stats': 'True'}
[0m20:54:36.940028 [warn ] [MainThread]: [ConfigFolderDirectory]: Unable to parse dict {'dir': PosixPath('/home/vscode/.dbt')}
[0m20:54:36.940465 [info ] [MainThread]: Creating dbt configuration folder at 
[0m20:54:53.124294 [debug] [MainThread]: Starter project path: /home/vscode/.local/lib/python3.10/site-packages/dbt/include/starter_project
[0m20:54:53.129255 [info ] [MainThread]: 
Your new dbt project "nyc_parking_violations" was created!

For more information on how to configure the profiles.yml file,
please consult the dbt documentation here:

  https://docs.getdbt.com/docs/configure-your-profile

One more thing:

Need help? Don't hesitate to reach out to us via GitHub issues or on Slack:

  https://community.getdbt.com/

Happy modeling!

[0m20:54:53.130131 [info ] [MainThread]: Setting up your profile.
[0m20:54:58.642776 [info ] [MainThread]: No sample profile found for duckdb.
[0m20:54:58.643766 [debug] [MainThread]: Command `dbt init` succeeded at 20:54:58.643626 after 21.71 seconds
[0m20:54:58.644222 [debug] [MainThread]: Sending event: {'category': 'dbt', 'action': 'invocation', 'label': 'end', 'context': [<snowplow_tracker.self_describing_json.SelfDescribingJson object at 0x7ff020e01ea0>, <snowplow_tracker.self_describing_json.SelfDescribingJson object at 0x7ff0213bc190>, <snowplow_tracker.self_describing_json.SelfDescribingJson object at 0x7ff0213bc430>]}
[0m20:54:58.644698 [debug] [MainThread]: Flushing usage events
